785 excluded
158 excluded
176 excluded
('\n total_batches: ', 137341)

 ouput label: 
Variable containing:
 0.2732 -0.1609  0.2024
 0.2732 -0.1609  0.2024
 0.2732 -0.1609  0.2024
 0.2732 -0.1609  0.2024
[torch.cuda.FloatTensor of size 4x3 (GPU 0)]


 predicted

 0
 0
 0
 0
[torch.cuda.LongTensor of size 4 (GPU 0)]


 label

 1
 0
 1
 1
[torch.cuda.LongTensor of size 4 (GPU 0)]


 Sum: 
1

 ouput label: 
Variable containing:
 0.2732 -0.1609  0.2024
 0.2732 -0.1609  0.2024
 0.2732 -0.1609  0.2024
 0.2732 -0.1609  0.2024
[torch.cuda.FloatTensor of size 4x3 (GPU 0)]


 predicted

 0
 0
 0
 0
[torch.cuda.LongTensor of size 4 (GPU 0)]


 label

 0
 2
 1
 0
[torch.cuda.LongTensor of size 4 (GPU 0)]


 Sum: 
2

 ouput label: 
Variable containing:
 0.2732 -0.1609  0.2024
 0.2732 -0.1609  0.2024
 0.2732 -0.1609  0.2024
 0.2732 -0.1609  0.2024
[torch.cuda.FloatTensor of size 4x3 (GPU 0)]


 predicted

 0
 0
 0
 0
[torch.cuda.LongTensor of size 4 (GPU 0)]


 label

 1
 2
 1
 0
[torch.cuda.LongTensor of size 4 (GPU 0)]


 Sum: 
1

 ouput label: 
Variable containing:
 0.2732 -0.1609  0.2024
 0.2732 -0.1609  0.2024
 0.2732 -0.1609  0.2024
 0.2732 -0.1609  0.2024
[torch.cuda.FloatTensor of size 4x3 (GPU 0)]


 predicted

 0
 0
 0
 0
[torch.cuda.LongTensor of size 4 (GPU 0)]


 label

 2
 0
 1
 2
[torch.cuda.LongTensor of size 4 (GPU 0)]


 Sum: 
1

 ouput label: 
Variable containing:
 0.2732 -0.1609  0.2024
 0.2732 -0.1609  0.2024
 0.2732 -0.1609  0.2024
 0.2732 -0.1609  0.2024
[torch.cuda.FloatTensor of size 4x3 (GPU 0)]


 predicted

 0
 0
 0
 0
[torch.cuda.LongTensor of size 4 (GPU 0)]


 label

 1
 0
 0
 0
[torch.cuda.LongTensor of size 4 (GPU 0)]


 Sum: 
3
('Epoch:', 5, 'Avg Loss:', 0.0022983209154484267, 'Evaluate Loss: ', 0.32882974400650145)

 ouput label: 
Variable containing:
 0.3112  0.2722  0.2833
 0.3112  0.2722  0.2833
 0.3112  0.2722  0.2833
 0.3112  0.2722  0.2833
[torch.cuda.FloatTensor of size 4x3 (GPU 0)]


 predicted

 0
 0
 0
 0
[torch.cuda.LongTensor of size 4 (GPU 0)]


 label

 1
 0
 1
 1
[torch.cuda.LongTensor of size 4 (GPU 0)]


 Sum: 
1

 ouput label: 
Variable containing:
 0.3112  0.2722  0.2833
 0.3112  0.2722  0.2833
 0.3112  0.2722  0.2833
 0.3112  0.2722  0.2833
[torch.cuda.FloatTensor of size 4x3 (GPU 0)]


 predicted

 0
 0
 0
 0
[torch.cuda.LongTensor of size 4 (GPU 0)]


 label

 0
 2
 1
 0
[torch.cuda.LongTensor of size 4 (GPU 0)]


 Sum: 
2

 ouput label: 
Variable containing:
 0.3112  0.2722  0.2833
 0.3112  0.2722  0.2833
 0.3112  0.2722  0.2833
 0.3112  0.2722  0.2833
[torch.cuda.FloatTensor of size 4x3 (GPU 0)]


 predicted

 0
 0
 0
 0
[torch.cuda.LongTensor of size 4 (GPU 0)]


 label

 1
 2
 1
 0
[torch.cuda.LongTensor of size 4 (GPU 0)]


 Sum: 
1

 ouput label: 
Variable containing:
 0.3112  0.2722  0.2833
 0.3112  0.2722  0.2833
 0.3112  0.2722  0.2833
 0.3112  0.2722  0.2833
[torch.cuda.FloatTensor of size 4x3 (GPU 0)]


 predicted

 0
 0
 0
 0
[torch.cuda.LongTensor of size 4 (GPU 0)]


 label

 2
 0
 1
 2
[torch.cuda.LongTensor of size 4 (GPU 0)]


 Sum: 
1

 ouput label: 
Variable containing:
 0.3112  0.2722  0.2833
 0.3112  0.2722  0.2833
 0.3112  0.2722  0.2833
 0.3112  0.2722  0.2833
[torch.cuda.FloatTensor of size 4x3 (GPU 0)]


 predicted

 0
 0
 0
 0
[torch.cuda.LongTensor of size 4 (GPU 0)]


 label

 1
 0
 0
 0
[torch.cuda.LongTensor of size 4 (GPU 0)]


 Sum: 
3
('Epoch:', 10, 'Avg Loss:', 0.00051118646636123127, 'Evaluate Loss: ', 0.32882974400650145)

 ouput label: 
Variable containing:
 0.3602  0.5250  0.4113
 0.3602  0.5250  0.4113
 0.3602  0.5250  0.4113
 0.3602  0.5250  0.4113
[torch.cuda.FloatTensor of size 4x3 (GPU 0)]


 predicted

 1
 1
 1
 1
[torch.cuda.LongTensor of size 4 (GPU 0)]


 label

 1
 0
 1
 1
[torch.cuda.LongTensor of size 4 (GPU 0)]


 Sum: 
3

 ouput label: 
Variable containing:
 0.3602  0.5250  0.4113
 0.3602  0.5250  0.4113
 0.3602  0.5250  0.4113
 0.3602  0.5250  0.4113
[torch.cuda.FloatTensor of size 4x3 (GPU 0)]


 predicted

 1
 1
 1
 1
[torch.cuda.LongTensor of size 4 (GPU 0)]


 label

 0
 2
 1
 0
[torch.cuda.LongTensor of size 4 (GPU 0)]


 Sum: 
1

 ouput label: 
Variable containing:
 0.3602  0.5250  0.4113
 0.3602  0.5250  0.4113
 0.3602  0.5250  0.4113
 0.3602  0.5250  0.4113
[torch.cuda.FloatTensor of size 4x3 (GPU 0)]


 predicted

 1
 1
 1
 1
[torch.cuda.LongTensor of size 4 (GPU 0)]


 label

 1
 2
 1
 0
[torch.cuda.LongTensor of size 4 (GPU 0)]


 Sum: 
2

 ouput label: 
Variable containing:
 0.3602  0.5250  0.4113
 0.3602  0.5250  0.4113
 0.3602  0.5250  0.4113
 0.3602  0.5250  0.4113
[torch.cuda.FloatTensor of size 4x3 (GPU 0)]


 predicted

 1
 1
 1
 1
[torch.cuda.LongTensor of size 4 (GPU 0)]


 label

 2
 0
 1
 2
[torch.cuda.LongTensor of size 4 (GPU 0)]


 Sum: 
1

 ouput label: 
Variable containing:
 0.3602  0.5250  0.4113
 0.3602  0.5250  0.4113
 0.3602  0.5250  0.4113
 0.3602  0.5250  0.4113
[torch.cuda.FloatTensor of size 4x3 (GPU 0)]


 predicted

 1
 1
 1
 1
[torch.cuda.LongTensor of size 4 (GPU 0)]


 label

 1
 0
 0
 0
[torch.cuda.LongTensor of size 4 (GPU 0)]


 Sum: 
1
('Epoch:', 15, 'Avg Loss:', 0.00021927195169409443, 'Evaluate Loss: ', 0.3329947175944738)

 ouput label: 
Variable containing:
 0.6395  0.4119  0.5038
 0.6395  0.4119  0.5038
 0.6395  0.4119  0.5038
 0.6395  0.4119  0.5038
[torch.cuda.FloatTensor of size 4x3 (GPU 0)]


 predicted

 0
 0
 0
 0
[torch.cuda.LongTensor of size 4 (GPU 0)]


 label

 1
 0
 1
 1
[torch.cuda.LongTensor of size 4 (GPU 0)]


 Sum: 
1

 ouput label: 
Variable containing:
 0.6395  0.4119  0.5038
 0.6395  0.4119  0.5038
 0.6395  0.4119  0.5038
 0.6395  0.4119  0.5038
[torch.cuda.FloatTensor of size 4x3 (GPU 0)]


 predicted

 0
 0
 0
 0
[torch.cuda.LongTensor of size 4 (GPU 0)]


 label

 0
 2
 1
 0
[torch.cuda.LongTensor of size 4 (GPU 0)]


 Sum: 
2

 ouput label: 
Variable containing:
 0.6395  0.4119  0.5038
 0.6395  0.4119  0.5038
 0.6395  0.4119  0.5038
 0.6395  0.4119  0.5038
[torch.cuda.FloatTensor of size 4x3 (GPU 0)]


 predicted

 0
 0
 0
 0
[torch.cuda.LongTensor of size 4 (GPU 0)]


 label

 1
 2
 1
 0
[torch.cuda.LongTensor of size 4 (GPU 0)]


 Sum: 
1

 ouput label: 
Variable containing:
 0.6395  0.4119  0.5038
 0.6395  0.4119  0.5038
 0.6395  0.4119  0.5038
 0.6395  0.4119  0.5038
[torch.cuda.FloatTensor of size 4x3 (GPU 0)]


 predicted

 0
 0
 0
 0
[torch.cuda.LongTensor of size 4 (GPU 0)]


 label

 2
 0
 1
 2
[torch.cuda.LongTensor of size 4 (GPU 0)]


 Sum: 
1

 ouput label: 
Variable containing:
 0.6395  0.4119  0.5038
 0.6395  0.4119  0.5038
 0.6395  0.4119  0.5038
 0.6395  0.4119  0.5038
[torch.cuda.FloatTensor of size 4x3 (GPU 0)]


 predicted

 0
 0
 0
 0
[torch.cuda.LongTensor of size 4 (GPU 0)]


 label

 1
 0
 0
 0
[torch.cuda.LongTensor of size 4 (GPU 0)]


 Sum: 
3
('Epoch:', 20, 'Avg Loss:', 0.0001212827087579894, 'Evaluate Loss: ', 0.32882974400650145)

 ouput label: 
Variable containing:
 0.5841  0.7105  0.5314
 0.5841  0.7105  0.5314
 0.5841  0.7105  0.5314
 0.5841  0.7105  0.5314
[torch.cuda.FloatTensor of size 4x3 (GPU 0)]


 predicted

 1
 1
 1
 1
[torch.cuda.LongTensor of size 4 (GPU 0)]


 label

 1
 0
 1
 1
[torch.cuda.LongTensor of size 4 (GPU 0)]


 Sum: 
3

 ouput label: 
Variable containing:
 0.5841  0.7105  0.5314
 0.5841  0.7105  0.5314
 0.5841  0.7105  0.5314
 0.5841  0.7105  0.5314
[torch.cuda.FloatTensor of size 4x3 (GPU 0)]


 predicted

 1
 1
 1
 1
[torch.cuda.LongTensor of size 4 (GPU 0)]


 label

 0
 2
 1
 0
[torch.cuda.LongTensor of size 4 (GPU 0)]


 Sum: 
1

 ouput label: 
Variable containing:
 0.5841  0.7105  0.5314
 0.5841  0.7105  0.5314
 0.5841  0.7105  0.5314
 0.5841  0.7105  0.5314
[torch.cuda.FloatTensor of size 4x3 (GPU 0)]


 predicted

 1
 1
 1
 1
[torch.cuda.LongTensor of size 4 (GPU 0)]


 label

 1
 2
 1
 0
[torch.cuda.LongTensor of size 4 (GPU 0)]


 Sum: 
2

 ouput label: 
Variable containing:
 0.5841  0.7105  0.5314
 0.5841  0.7105  0.5314
 0.5841  0.7105  0.5314
 0.5841  0.7105  0.5314
[torch.cuda.FloatTensor of size 4x3 (GPU 0)]


 predicted

 1
 1
 1
 1
[torch.cuda.LongTensor of size 4 (GPU 0)]


 label

 2
 0
 1
 2
[torch.cuda.LongTensor of size 4 (GPU 0)]


 Sum: 
1

 ouput label: 
Variable containing:
 0.5841  0.7105  0.5314
 0.5841  0.7105  0.5314
 0.5841  0.7105  0.5314
 0.5841  0.7105  0.5314
[torch.cuda.FloatTensor of size 4x3 (GPU 0)]


 predicted

 1
 1
 1
 1
[torch.cuda.LongTensor of size 4 (GPU 0)]


 label

 1
 0
 0
 0
[torch.cuda.LongTensor of size 4 (GPU 0)]


 Sum: 
1
('Epoch:', 25, 'Avg Loss:', 7.6879578262214622e-05, 'Evaluate Loss: ', 0.3329947175944738)

 ouput label: 
Variable containing:
 0.7117  0.8141  0.6227
 0.7117  0.8141  0.6227
 0.7117  0.8141  0.6227
 0.7117  0.8141  0.6227
[torch.cuda.FloatTensor of size 4x3 (GPU 0)]


 predicted

 1
 1
 1
 1
[torch.cuda.LongTensor of size 4 (GPU 0)]


 label

 1
 0
 1
 1
[torch.cuda.LongTensor of size 4 (GPU 0)]


 Sum: 
3

 ouput label: 
Variable containing:
 0.7117  0.8141  0.6227
 0.7117  0.8141  0.6227
 0.7117  0.8141  0.6227
 0.7117  0.8141  0.6227
[torch.cuda.FloatTensor of size 4x3 (GPU 0)]


 predicted

 1
 1
 1
 1
[torch.cuda.LongTensor of size 4 (GPU 0)]


 label

 0
 2
 1
 0
[torch.cuda.LongTensor of size 4 (GPU 0)]


 Sum: 
1

 ouput label: 
Variable containing:
 0.7117  0.8141  0.6227
 0.7117  0.8141  0.6227
 0.7117  0.8141  0.6227
 0.7117  0.8141  0.6227
[torch.cuda.FloatTensor of size 4x3 (GPU 0)]


 predicted

 1
 1
 1
 1
[torch.cuda.LongTensor of size 4 (GPU 0)]


 label

 1
 2
 1
 0
[torch.cuda.LongTensor of size 4 (GPU 0)]


 Sum: 
2

 ouput label: 
Variable containing:
 0.7117  0.8141  0.6227
 0.7117  0.8141  0.6227
 0.7117  0.8141  0.6227
 0.7117  0.8141  0.6227
[torch.cuda.FloatTensor of size 4x3 (GPU 0)]


 predicted

 1
 1
 1
 1
[torch.cuda.LongTensor of size 4 (GPU 0)]


 label

 2
 0
 1
 2
[torch.cuda.LongTensor of size 4 (GPU 0)]


 Sum: 
1

 ouput label: 
Variable containing:
 0.7117  0.8141  0.6227
 0.7117  0.8141  0.6227
 0.7117  0.8141  0.6227
 0.7117  0.8141  0.6227
[torch.cuda.FloatTensor of size 4x3 (GPU 0)]


 predicted

 1
 1
 1
 1
[torch.cuda.LongTensor of size 4 (GPU 0)]


 label

 1
 0
 0
 0
[torch.cuda.LongTensor of size 4 (GPU 0)]


 Sum: 
1
('Epoch:', 30, 'Avg Loss:', 5.3066739500986525e-05, 'Evaluate Loss: ', 0.3329947175944738)

 ouput label: 
Variable containing:
 0.7420  0.8388  0.9129
 0.7420  0.8388  0.9129
 0.7420  0.8388  0.9129
 0.7420  0.8388  0.9129
[torch.cuda.FloatTensor of size 4x3 (GPU 0)]


 predicted

 2
 2
 2
 2
[torch.cuda.LongTensor of size 4 (GPU 0)]


 label

 1
 0
 1
 1
[torch.cuda.LongTensor of size 4 (GPU 0)]


 Sum: 
0

 ouput label: 
Variable containing:
 0.7420  0.8388  0.9129
 0.7420  0.8388  0.9129
 0.7420  0.8388  0.9129
 0.7420  0.8388  0.9129
[torch.cuda.FloatTensor of size 4x3 (GPU 0)]


 predicted

 2
 2
 2
 2
[torch.cuda.LongTensor of size 4 (GPU 0)]


 label

 0
 2
 1
 0
[torch.cuda.LongTensor of size 4 (GPU 0)]


 Sum: 
1

 ouput label: 
Variable containing:
 0.7420  0.8388  0.9129
 0.7420  0.8388  0.9129
 0.7420  0.8388  0.9129
 0.7420  0.8388  0.9129
[torch.cuda.FloatTensor of size 4x3 (GPU 0)]


 predicted

 2
 2
 2
 2
[torch.cuda.LongTensor of size 4 (GPU 0)]


 label

 1
 2
 1
 0
[torch.cuda.LongTensor of size 4 (GPU 0)]


 Sum: 
1

 ouput label: 
Variable containing:
 0.7420  0.8388  0.9129
 0.7420  0.8388  0.9129
 0.7420  0.8388  0.9129
 0.7420  0.8388  0.9129
[torch.cuda.FloatTensor of size 4x3 (GPU 0)]


 predicted

 2
 2
 2
 2
[torch.cuda.LongTensor of size 4 (GPU 0)]


 label

 2
 0
 1
 2
[torch.cuda.LongTensor of size 4 (GPU 0)]


 Sum: 
2

 ouput label: 
Variable containing:
 0.7420  0.8388  0.9129
 0.7420  0.8388  0.9129
 0.7420  0.8388  0.9129
 0.7420  0.8388  0.9129
[torch.cuda.FloatTensor of size 4x3 (GPU 0)]


 predicted

 2
 2
 2
 2
[torch.cuda.LongTensor of size 4 (GPU 0)]


 label

 1
 0
 0
 0
[torch.cuda.LongTensor of size 4 (GPU 0)]


 Sum: 
0
('Epoch:', 35, 'Avg Loss:', 3.8830573683061158e-05, 'Evaluate Loss: ', 0.3381755383990248)

 ouput label: 
Variable containing:
 1.1331  0.7741  0.9620
 1.1331  0.7741  0.9620
 1.1331  0.7741  0.9620
 1.1331  0.7741  0.9620
[torch.cuda.FloatTensor of size 4x3 (GPU 0)]


 predicted

 0
 0
 0
 0
[torch.cuda.LongTensor of size 4 (GPU 0)]


 label

 1
 0
 1
 1
[torch.cuda.LongTensor of size 4 (GPU 0)]


 Sum: 
1

 ouput label: 
Variable containing:
 1.1331  0.7741  0.9620
 1.1331  0.7741  0.9620
 1.1331  0.7741  0.9620
 1.1331  0.7741  0.9620
[torch.cuda.FloatTensor of size 4x3 (GPU 0)]


 predicted

 0
 0
 0
 0
[torch.cuda.LongTensor of size 4 (GPU 0)]


 label

 0
 2
 1
 0
[torch.cuda.LongTensor of size 4 (GPU 0)]


 Sum: 
2

 ouput label: 
Variable containing:
 1.1331  0.7741  0.9620
 1.1331  0.7741  0.9620
 1.1331  0.7741  0.9620
 1.1331  0.7741  0.9620
[torch.cuda.FloatTensor of size 4x3 (GPU 0)]


 predicted

 0
 0
 0
 0
[torch.cuda.LongTensor of size 4 (GPU 0)]


 label

 1
 2
 1
 0
[torch.cuda.LongTensor of size 4 (GPU 0)]


 Sum: 
1

 ouput label: 
Variable containing:
 1.1331  0.7741  0.9620
 1.1331  0.7741  0.9620
 1.1331  0.7741  0.9620
 1.1331  0.7741  0.9620
[torch.cuda.FloatTensor of size 4x3 (GPU 0)]


 predicted

 0
 0
 0
 0
[torch.cuda.LongTensor of size 4 (GPU 0)]


 label

 2
 0
 1
 2
[torch.cuda.LongTensor of size 4 (GPU 0)]


 Sum: 
1

 ouput label: 
Variable containing:
 1.1331  0.7741  0.9620
 1.1331  0.7741  0.9620
 1.1331  0.7741  0.9620
 1.1331  0.7741  0.9620
[torch.cuda.FloatTensor of size 4x3 (GPU 0)]


 predicted

 0
 0
 0
 0
[torch.cuda.LongTensor of size 4 (GPU 0)]


 label

 1
 0
 0
 0
[torch.cuda.LongTensor of size 4 (GPU 0)]


 Sum: 
3
('Epoch:', 40, 'Avg Loss:', 2.9646601046866049e-05, 'Evaluate Loss: ', 0.32882974400650145)

 ouput label: 
Variable containing:
 0.9989  1.0293  0.9435
 0.9989  1.0293  0.9435
 0.9989  1.0293  0.9435
 0.9989  1.0293  0.9435
[torch.cuda.FloatTensor of size 4x3 (GPU 0)]


 predicted

 1
 1
 1
 1
[torch.cuda.LongTensor of size 4 (GPU 0)]


 label

 1
 1
 1
 2
[torch.cuda.LongTensor of size 4 (GPU 0)]


 Sum: 
3

 ouput label: 
Variable containing:
 0.9989  1.0293  0.9435
 0.9989  1.0293  0.9435
 0.9989  1.0293  0.9435
 0.9989  1.0293  0.9435
[torch.cuda.FloatTensor of size 4x3 (GPU 0)]


 predicted

 1
 1
 1
 1
[torch.cuda.LongTensor of size 4 (GPU 0)]


 label

 1
 0
 1
 2
[torch.cuda.LongTensor of size 4 (GPU 0)]


 Sum: 
2

 ouput label: 
Variable containing:
 0.9989  1.0293  0.9435
 0.9989  1.0293  0.9435
 0.9989  1.0293  0.9435
 0.9989  1.0293  0.9435
[torch.cuda.FloatTensor of size 4x3 (GPU 0)]


 predicted

 1
 1
 1
 1
[torch.cuda.LongTensor of size 4 (GPU 0)]


 label

 2
 1
 0
 1
[torch.cuda.LongTensor of size 4 (GPU 0)]


 Sum: 
2

 ouput label: 
Variable containing:
 0.9989  1.0293  0.9435
 0.9989  1.0293  0.9435
 0.9989  1.0293  0.9435
 0.9989  1.0293  0.9435
[torch.cuda.FloatTensor of size 4x3 (GPU 0)]


 predicted

 1
 1
 1
 1
[torch.cuda.LongTensor of size 4 (GPU 0)]


 label

 0
 0
 1
 0
[torch.cuda.LongTensor of size 4 (GPU 0)]


 Sum: 
1

 ouput label: 
Variable containing:
 0.9989  1.0293  0.9435
 0.9989  1.0293  0.9435
 0.9989  1.0293  0.9435
 0.9989  1.0293  0.9435
[torch.cuda.FloatTensor of size 4x3 (GPU 0)]


 predicted

 1
 1
 1
 1
[torch.cuda.LongTensor of size 4 (GPU 0)]


 label

 1
 1
 0
 0
[torch.cuda.LongTensor of size 4 (GPU 0)]


 Sum: 
2
Accuracy of our model on the test data: 32.949919
